<?xml version="1.0" encoding="UTF-8"?>
<!-- Generated by org.testng.reporters.JUnitXMLReporter -->
<testsuite ignored="0" hostname="DESKTOP-CCFBQ94" failures="0" tests="1" name="Test" time="0.057" errors="0" timestamp="2021-05-12T10:15:38 EDT">
  <testcase classname="frontEnd.ValidateHomePageTest" name="@BeforeTest startUp" time="0.009">
    <failure type="java.lang.NullPointerException" message="Cannot invoke &amp;quot;String.equals(Object)&amp;quot; because &amp;quot;browserName&amp;quot; is null">
      <![CDATA[java.lang.NullPointerException: Cannot invoke "String.equals(Object)" because "browserName" is null
at resources.base.initinalizeBrowser(base.java:33)
at frontEnd.ValidateHomePageTest.startUp(ValidateHomePageTest.java:23)
... Removed 24 stack frames]]>
    </failure>
  </testcase> <!-- @BeforeTest startUp -->
  <testcase classname="frontEnd.ValidateHomePageTest" name="validateCreateNewUser" time="0.0">
    <skipped/>
  </testcase> <!-- validateCreateNewUser -->
</testsuite> <!-- Test -->
